<?xml version="1.0" encoding="UTF-8"?>
<testng-results ignored="0" total="1" passed="1" failed="0" skipped="0">
  <reporter-output>
  </reporter-output>
  <suite started-at="2021-08-14T22:42:24 IST" name="Suite" finished-at="2021-08-14T22:42:47 IST" duration-ms="22541">
    <groups>
    </groups>
    <test started-at="2021-08-14T22:42:24 IST" name="RegressionTest" finished-at="2021-08-14T22:42:47 IST" duration-ms="22541">
      <class name="com.visualstory.testcases.TC_LogoutTest_001">
        <test-method is-config="true" signature="setup(java.lang.String)[pri:0, instance:com.visualstory.testcases.TC_LogoutTest_001@194bcebf]" started-at="2021-08-14T22:42:25 IST" name="setup" finished-at="2021-08-14T22:42:38 IST" duration-ms="12829" status="PASS">
          <params>
            <param index="0">
              <value>
                <![CDATA[chrome]]>
              </value>
            </param>
          </params>
          <reporter-output>
          </reporter-output>
        </test-method> <!-- setup -->
        <test-method signature="run()[pri:0, instance:com.visualstory.testcases.TC_LogoutTest_001@194bcebf]" started-at="2021-08-14T22:42:38 IST" name="run" finished-at="2021-08-14T22:42:46 IST" duration-ms="8848" status="PASS">
          <reporter-output>
          </reporter-output>
        </test-method> <!-- run -->
        <test-method is-config="true" signature="teardown()[pri:0, instance:com.visualstory.testcases.TC_LogoutTest_001@194bcebf]" started-at="2021-08-14T22:42:46 IST" name="teardown" finished-at="2021-08-14T22:42:47 IST" duration-ms="437" status="PASS">
          <reporter-output>
          </reporter-output>
        </test-method> <!-- teardown -->
      </class> <!-- com.visualstory.testcases.TC_LogoutTest_001 -->
    </test> <!-- RegressionTest -->
  </suite> <!-- Suite -->
</testng-results>
